[INFO] Scanning for projects...
[INFO] 
[INFO] -------------------< com.retailfsd:retail-sales-api >-------------------
[INFO] Building Retail Store Sales Analysis API 0.0.1-SNAPSHOT
[INFO]   from pom.xml
[INFO] --------------------------------[ jar ]---------------------------------
[INFO] 
[INFO] >>> spring-boot:2.7.18:run (default-cli) > test-compile @ retail-sales-api >>>
[INFO] 
[INFO] --- resources:3.2.0:resources (default-resources) @ retail-sales-api ---
[INFO] Using 'UTF-8' encoding to copy filtered properties files.
[INFO] Using 'UTF-8' encoding to copy filtered resources.
[INFO] Copying 1 resource
[INFO] Copying 0 resource
[INFO] 
[INFO] --- compiler:3.10.1:compile (default-compile) @ retail-sales-api ---
[INFO] Nothing to compile - all classes are up to date
[INFO] 
[INFO] --- resources:3.2.0:testResources (default-testResources) @ retail-sales-api ---
[INFO] Using 'UTF-8' encoding to copy filtered resources.
[INFO] Using 'UTF-8' encoding to copy filtered properties files.
[INFO] Copying 1 resource
[INFO] 
[INFO] --- compiler:3.10.1:testCompile (default-testCompile) @ retail-sales-api ---
[INFO] Nothing to compile - all classes are up to date
[INFO] 
[INFO] <<< spring-boot:2.7.18:run (default-cli) < test-compile @ retail-sales-api <<<
[INFO] 
[INFO] 
[INFO] --- spring-boot:2.7.18:run (default-cli) @ retail-sales-api ---
[INFO] Attaching agents: []
  .   ____          _            __ _ _
 =========|_|==============|___/=/_/_/_/
  '  |____| .__|_| |_|_| |_\__, | / / / /
 \\/  ___)| |_)| | | | | || (_| |  ) ) ) )
 /\\ / ___'_ __ _ _(_)_ __  __ _ \ \ \ \
( ( )\___ | '_ | '_| | '_ \/ _` | \ \ \ \
 :: Spring Boot ::               (v2.7.18)
2026-04-14 22:36:32.580  INFO 27320 --- [           main] c.r.sales.RetailSalesApiApplication      : Starting RetailSalesApiApplication using Java 11.0.16.1 on MRDNCRSDR36 with PID 27320 (C:\Users\KIIT0001\OneDrive\Desktop\JAVA FSD PROJECT\retailfsd\backend\target\classes started by KIIT0001 in C:\Users\KIIT0001\OneDrive\Desktop\JAVA FSD PROJECT\retailfsd\backend)
2026-04-14 22:36:32.580  INFO 27320 --- [           main] c.r.sales.RetailSalesApiApplication      : No active profile set, falling back to 1 default profile: "default"
2026-04-14 22:36:33.414  INFO 27320 --- [           main] .s.d.r.c.RepositoryConfigurationDelegate : Bootstrapping Spring Data JPA repositories in DEFAULT mode.
2026-04-14 22:36:33.467  INFO 27320 --- [           main] .s.d.r.c.RepositoryConfigurationDelegate : Finished Spring Data repository scanning in 45 ms. Found 2 JPA repository interfaces.
2026-04-14 22:36:34.193  INFO 27320 --- [           main] o.s.b.w.embedded.tomcat.TomcatWebServer  : Tomcat initialized with port(s): 8080 (http)
2026-04-14 22:36:34.193  INFO 27320 --- [           main] o.apache.catalina.core.StandardService   : Starting service [Tomcat]
2026-04-14 22:36:34.193  INFO 27320 --- [           main] org.apache.catalina.core.StandardEngine  : Starting Servlet engine: [Apache Tomcat/9.0.83]
2026-04-14 22:36:34.345  INFO 27320 --- [           main] o.a.c.c.C.[Tomcat].[localhost].[/]       : Initializing Spring embedded WebApplicationContext
2026-04-14 22:36:34.345  INFO 27320 --- [           main] w.s.c.ServletWebServerApplicationContext : Root WebApplicationContext: initialization completed in 1701 ms
2026-04-14 22:36:34.459  INFO 27320 --- [           main] o.hibernate.jpa.internal.util.LogHelper  : HHH000204: Processing PersistenceUnitInfo [name: default]
2026-04-14 22:36:34.513  INFO 27320 --- [           main] org.hibernate.Version                    : HHH000412: Hibernate ORM core version 5.6.15.Final
2026-04-14 22:36:34.625  INFO 27320 --- [           main] o.hibernate.annotations.common.Version   : HCANN000001: Hibernate Commons Annotations {5.1.2.Final}
2026-04-14 22:36:34.709  INFO 27320 --- [           main] com.zaxxer.hikari.HikariDataSource       : HikariPool-1 - Starting...
2026-04-14 22:36:34.892  INFO 27320 --- [           main] com.zaxxer.hikari.HikariDataSource       : HikariPool-1 - Start completed.
2026-04-14 22:36:34.910  INFO 27320 --- [           main] org.hibernate.dialect.Dialect            : HHH000400: Using dialect: org.hibernate.dialect.MySQL8Dialect
2026-04-14 22:36:35.426  INFO 27320 --- [           main] o.h.e.t.j.p.i.JtaPlatformInitiator       : HHH000490: Using JtaPlatform implementation: [org.hibernate.engine.transaction.jta.platform.internal.NoJtaPlatform]
2026-04-14 22:36:35.443  INFO 27320 --- [           main] j.LocalContainerEntityManagerFactoryBean : Initialized JPA EntityManagerFactory for persistence unit 'default'
2026-04-14 22:36:36.012  INFO 27320 --- [           main] o.s.s.web.DefaultSecurityFilterChain     : Will secure any request with [org.springframework.security.web.session.DisableEncodeUrlFilter@3f3f554f, org.springframework.security.web.context.request.async.WebAsyncManagerIntegrationFilter@3186f8f5, org.springframework.security.web.context.SecurityContextPersistenceFilter@65a2e14e, org.springframework.security.web.header.HeaderWriterFilter@20d65767, org.springframework.web.filter.CorsFilter@467cd4b9, org.springframework.security.web.authentication.logout.LogoutFilter@7adbec34, com.retailfsd.sales.security.JwtAuthenticationFilter@3d4b45b, org.springframework.security.web.savedrequest.RequestCacheAwareFilter@4bf89d3d, org.springframework.security.web.servletapi.SecurityContextHolderAwareRequestFilter@457b8fc3, org.springframework.security.web.authentication.AnonymousAuthenticationFilter@69a3bf40, org.springframework.security.web.session.SessionManagementFilter@79c849c7, org.springframework.security.web.access.ExceptionTranslationFilter@39840986, org.springframework.security.web.access.intercept.FilterSecurityInterceptor@3c8dea0b]
2026-04-14 22:36:36.110  WARN 27320 --- [           main] JpaBaseConfiguration$JpaWebConfiguration : spring.jpa.open-in-view is enabled by default. Therefore, database queries may be performed during view rendering. Explicitly configure spring.jpa.open-in-view to disable this warning
2026-04-14 22:36:36.431  INFO 27320 --- [           main] o.s.b.w.embedded.tomcat.TomcatWebServer  : Tomcat started on port(s): 8080 (http) with context path ''
2026-04-14 22:36:36.438  INFO 27320 --- [           main] c.r.sales.RetailSalesApiApplication      : Started RetailSalesApiApplication in 4.406 seconds (JVM running for 4.897)
Hibernate: select useraccoun0_.id as col_0_0_ from users useraccoun0_ where useraccoun0_.username=? limit ?
Hibernate: select count(*) as col_0_0_ from sales sale0_
